{"uid":"eddc1e1e225cdb33","name":"T19: Update user info with an empty name.","fullName":"tests.test_user_authentication.TestUserAuthentication#test_update_user_info_with_empty_name","historyId":"34671eae70af7125824f3f375f46e834","time":{"start":1737378292649,"stop":1737378293171,"duration":522},"status":"failed","statusMessage":"AssertionError: Expected status code 400, but got 200. Response: {'_id': '678e49f56eb12444f2b467f9', 'name': '', 'email': 'lunapaige@example.org', 'accessToken': 'eyJhbGciOiJIUzI1NiIsInR5cCI6IkpXVCJ9.eyJpZCI6IjY3OGU0OWY1NmViMTI0NDRmMmI0NjdmOSIsImlhdCI6MTczNzM3ODI5MywiZXhwIjoxNzM3MzgxODkzfQ.sBtCc9IKpfGyUbfcHi4tQtjSVNmtLVZnHW4xXyGJZiA', 'refreshToken': 'eyJhbGciOiJIUzI1NiIsInR5cCI6IkpXVCJ9.eyJpZCI6IjY3OGU0OWY1NmViMTI0NDRmMmI0NjdmOSIsImlhdCI6MTczNzM3ODI5MywiZXhwIjoxNzM5OTcwMjkzfQ.KTCU39kJLDqK6b84E9F37GKe5DFFNYMe_Tl4njGfn28', 'phone': '6955829111', 'birthday': '1989-11-21', 'skype': 'knorris', 'userImgUrl': 'https://placekitten.com/89/620', 'userTasks': []}","statusTrace":"self = <test_user_authentication.TestUserAuthentication object at 0x000001D25B4E0E60>\n\n    @pytest.mark.order(19)\n    @allure.title(\"T19: Update user info with an empty name.\")\n    def test_update_user_info_with_empty_name(self):\n        user = self.api_user_auth.create_user()\n>       self.api_user_auth.update_user_info_with_empty_name(Token=user.data.accessToken)\n\ntests\\test_user_authentication.py:110: \n_ _ _ _ _ _ _ _ _ _ _ _ _ _ _ _ _ _ _ _ _ _ _ _ _ _ _ _ _ _ _ _ _ _ _ _ _ _ _ _ _ _ _ _ _ _ _ _ _ _ _ _ _ _ _ _ _ _ _ _ _ _ _ _ _ _ _ _ _ _ _ _ _ _ _ _ _ _ _ _ _ _ _ _ _ _ _ _ _ _ _ _ _ _ _ _ _ _ _ _ _ _ _ _ _ _ _ _ _ \nservices\\UserAuth\\api_user_auth.py:229: in update_user_info_with_empty_name\n    self.assert_status(response, 400)\n_ _ _ _ _ _ _ _ _ _ _ _ _ _ _ _ _ _ _ _ _ _ _ _ _ _ _ _ _ _ _ _ _ _ _ _ _ _ _ _ _ _ _ _ _ _ _ _ _ _ _ _ _ _ _ _ _ _ _ _ _ _ _ _ _ _ _ _ _ _ _ _ _ _ _ _ _ _ _ _ _ _ _ _ _ _ _ _ _ _ _ _ _ _ _ _ _ _ _ _ _ _ _ _ _ _ _ _ _ \n\nself = <services.UserAuth.api_user_auth.UserAuthAPI object at 0x000001D25B53D910>, response = <Response [200]>, expected_status = 400\n\n    def assert_status(self, response, expected_status):\n>       assert response.status_code == expected_status, \\\n            (f\"Expected status code {expected_status}, but got {response.status_code}. Response: {response.json()}\")\nE       AssertionError: Expected status code 400, but got 200. Response: {'_id': '678e49f56eb12444f2b467f9', 'name': '', 'email': 'lunapaige@example.org', 'accessToken': 'eyJhbGciOiJIUzI1NiIsInR5cCI6IkpXVCJ9.eyJpZCI6IjY3OGU0OWY1NmViMTI0NDRmMmI0NjdmOSIsImlhdCI6MTczNzM3ODI5MywiZXhwIjoxNzM3MzgxODkzfQ.sBtCc9IKpfGyUbfcHi4tQtjSVNmtLVZnHW4xXyGJZiA', 'refreshToken': 'eyJhbGciOiJIUzI1NiIsInR5cCI6IkpXVCJ9.eyJpZCI6IjY3OGU0OWY1NmViMTI0NDRmMmI0NjdmOSIsImlhdCI6MTczNzM3ODI5MywiZXhwIjoxNzM5OTcwMjkzfQ.KTCU39kJLDqK6b84E9F37GKe5DFFNYMe_Tl4njGfn28', 'phone': '6955829111', 'birthday': '1989-11-21', 'skype': 'knorris', 'userImgUrl': 'https://placekitten.com/89/620', 'userTasks': []}\n\nutils\\helper.py:13: AssertionError","flaky":false,"newFailed":false,"newBroken":false,"newPassed":false,"retriesCount":0,"retriesStatusChange":false,"beforeStages":[{"name":"_session_faker","time":{"start":1737378287248,"stop":1737378287249,"duration":1},"status":"passed","steps":[],"attachments":[],"parameters":[],"stepsCount":0,"attachmentStep":false,"hasContent":false,"shouldDisplayMessage":false,"attachmentsCount":0},{"name":"_xunit_setup_method_fixture_TestUserAuthentication","time":{"start":1737378292649,"stop":1737378292649,"duration":0},"status":"passed","steps":[],"attachments":[],"parameters":[],"stepsCount":0,"attachmentStep":false,"hasContent":false,"shouldDisplayMessage":false,"attachmentsCount":0}],"testStage":{"status":"failed","statusMessage":"AssertionError: Expected status code 400, but got 200. Response: {'_id': '678e49f56eb12444f2b467f9', 'name': '', 'email': 'lunapaige@example.org', 'accessToken': 'eyJhbGciOiJIUzI1NiIsInR5cCI6IkpXVCJ9.eyJpZCI6IjY3OGU0OWY1NmViMTI0NDRmMmI0NjdmOSIsImlhdCI6MTczNzM3ODI5MywiZXhwIjoxNzM3MzgxODkzfQ.sBtCc9IKpfGyUbfcHi4tQtjSVNmtLVZnHW4xXyGJZiA', 'refreshToken': 'eyJhbGciOiJIUzI1NiIsInR5cCI6IkpXVCJ9.eyJpZCI6IjY3OGU0OWY1NmViMTI0NDRmMmI0NjdmOSIsImlhdCI6MTczNzM3ODI5MywiZXhwIjoxNzM5OTcwMjkzfQ.KTCU39kJLDqK6b84E9F37GKe5DFFNYMe_Tl4njGfn28', 'phone': '6955829111', 'birthday': '1989-11-21', 'skype': 'knorris', 'userImgUrl': 'https://placekitten.com/89/620', 'userTasks': []}","statusTrace":"self = <test_user_authentication.TestUserAuthentication object at 0x000001D25B4E0E60>\n\n    @pytest.mark.order(19)\n    @allure.title(\"T19: Update user info with an empty name.\")\n    def test_update_user_info_with_empty_name(self):\n        user = self.api_user_auth.create_user()\n>       self.api_user_auth.update_user_info_with_empty_name(Token=user.data.accessToken)\n\ntests\\test_user_authentication.py:110: \n_ _ _ _ _ _ _ _ _ _ _ _ _ _ _ _ _ _ _ _ _ _ _ _ _ _ _ _ _ _ _ _ _ _ _ _ _ _ _ _ _ _ _ _ _ _ _ _ _ _ _ _ _ _ _ _ _ _ _ _ _ _ _ _ _ _ _ _ _ _ _ _ _ _ _ _ _ _ _ _ _ _ _ _ _ _ _ _ _ _ _ _ _ _ _ _ _ _ _ _ _ _ _ _ _ _ _ _ _ \nservices\\UserAuth\\api_user_auth.py:229: in update_user_info_with_empty_name\n    self.assert_status(response, 400)\n_ _ _ _ _ _ _ _ _ _ _ _ _ _ _ _ _ _ _ _ _ _ _ _ _ _ _ _ _ _ _ _ _ _ _ _ _ _ _ _ _ _ _ _ _ _ _ _ _ _ _ _ _ _ _ _ _ _ _ _ _ _ _ _ _ _ _ _ _ _ _ _ _ _ _ _ _ _ _ _ _ _ _ _ _ _ _ _ _ _ _ _ _ _ _ _ _ _ _ _ _ _ _ _ _ _ _ _ _ \n\nself = <services.UserAuth.api_user_auth.UserAuthAPI object at 0x000001D25B53D910>, response = <Response [200]>, expected_status = 400\n\n    def assert_status(self, response, expected_status):\n>       assert response.status_code == expected_status, \\\n            (f\"Expected status code {expected_status}, but got {response.status_code}. Response: {response.json()}\")\nE       AssertionError: Expected status code 400, but got 200. Response: {'_id': '678e49f56eb12444f2b467f9', 'name': '', 'email': 'lunapaige@example.org', 'accessToken': 'eyJhbGciOiJIUzI1NiIsInR5cCI6IkpXVCJ9.eyJpZCI6IjY3OGU0OWY1NmViMTI0NDRmMmI0NjdmOSIsImlhdCI6MTczNzM3ODI5MywiZXhwIjoxNzM3MzgxODkzfQ.sBtCc9IKpfGyUbfcHi4tQtjSVNmtLVZnHW4xXyGJZiA', 'refreshToken': 'eyJhbGciOiJIUzI1NiIsInR5cCI6IkpXVCJ9.eyJpZCI6IjY3OGU0OWY1NmViMTI0NDRmMmI0NjdmOSIsImlhdCI6MTczNzM3ODI5MywiZXhwIjoxNzM5OTcwMjkzfQ.KTCU39kJLDqK6b84E9F37GKe5DFFNYMe_Tl4njGfn28', 'phone': '6955829111', 'birthday': '1989-11-21', 'skype': 'knorris', 'userImgUrl': 'https://placekitten.com/89/620', 'userTasks': []}\n\nutils\\helper.py:13: AssertionError","steps":[{"name":"Create a new user.","time":{"start":1737378292649,"stop":1737378292964,"duration":315},"status":"passed","steps":[],"attachments":[{"uid":"cca10ab3b185ae6f","name":"API Response","source":"cca10ab3b185ae6f.json","type":"application/json","size":521}],"parameters":[],"stepsCount":0,"attachmentStep":false,"hasContent":true,"shouldDisplayMessage":false,"attachmentsCount":1},{"name":"Update user info with empty name.","time":{"start":1737378292964,"stop":1737378293170,"duration":206},"status":"failed","statusMessage":"AssertionError: Expected status code 400, but got 200. Response: {'_id': '678e49f56eb12444f2b467f9', 'name': '', 'email': 'lunapaige@example.org', 'accessToken': 'eyJhbGciOiJIUzI1NiIsInR5cCI6IkpXVCJ9.eyJpZCI6IjY3OGU0OWY1NmViMTI0NDRmMmI0NjdmOSIsImlhdCI6MTczNzM3ODI5MywiZXhwIjoxNzM3MzgxODkzfQ.sBtCc9IKpfGyUbfcHi4tQtjSVNmtLVZnHW4xXyGJZiA', 'refreshToken': 'eyJhbGciOiJIUzI1NiIsInR5cCI6IkpXVCJ9.eyJpZCI6IjY3OGU0OWY1NmViMTI0NDRmMmI0NjdmOSIsImlhdCI6MTczNzM3ODI5MywiZXhwIjoxNzM5OTcwMjkzfQ.KTCU39kJLDqK6b84E9F37GKe5DFFNYMe_Tl4njGfn28', 'phone': '6955829111', 'birthday': '1989-11-21', 'skype': 'knorris', 'userImgUrl': 'https://placekitten.com/89/620', 'userTasks': []}\n","statusTrace":"  File \"C:\\Users\\Pavlo\\Desktop\\Goose_Tracker_API_testing\\venv\\Lib\\site-packages\\allure_commons\\_allure.py\", line 192, in impl\n    return func(*a, **kw)\n           ^^^^^^^^^^^^^^\n  File \"C:\\Users\\Pavlo\\Desktop\\Goose_Tracker_API_testing\\services\\UserAuth\\api_user_auth.py\", line 229, in update_user_info_with_empty_name\n    self.assert_status(response, 400)\n  File \"C:\\Users\\Pavlo\\Desktop\\Goose_Tracker_API_testing\\utils\\helper.py\", line 13, in assert_status\n    assert response.status_code == expected_status, \\\n","steps":[],"attachments":[],"parameters":[{"name":"Token","value":"'eyJhbGciOiJIUzI1NiIsInR5cCI6IkpXVCJ9.eyJpZCI6IjY3OGU0OWY1NmViMTI0NDRmMmI0NjdmOSIsImlhdCI6MTczNzM3ODI5MywiZXhwIjoxNzM3MzgxODkzfQ.sBtCc9IKpfGyUbfcHi4tQtjSVNmtLVZnHW4xXyGJZiA'"}],"stepsCount":0,"attachmentStep":false,"hasContent":true,"shouldDisplayMessage":true,"attachmentsCount":0}],"attachments":[],"parameters":[],"stepsCount":2,"attachmentStep":false,"hasContent":true,"shouldDisplayMessage":true,"attachmentsCount":1},"afterStages":[{"name":"_xunit_setup_method_fixture_TestUserAuthentication::0","time":{"start":1737378293299,"stop":1737378293299,"duration":0},"status":"passed","steps":[],"attachments":[],"parameters":[],"stepsCount":0,"attachmentStep":false,"hasContent":false,"shouldDisplayMessage":false,"attachmentsCount":0}],"labels":[{"name":"feature","value":"User Authentication"},{"name":"tag","value":"order(19)"},{"name":"parentSuite","value":"tests"},{"name":"suite","value":"test_user_authentication"},{"name":"subSuite","value":"TestUserAuthentication"},{"name":"host","value":"DESKTOP-0R2QBDF"},{"name":"thread","value":"848-MainThread"},{"name":"framework","value":"pytest"},{"name":"language","value":"cpython3"},{"name":"package","value":"tests.test_user_authentication"},{"name":"resultFormat","value":"allure2"}],"parameters":[],"links":[],"hidden":false,"retry":false,"extra":{"severity":"normal","retries":[],"categories":[{"name":"Product defects","matchedStatuses":[],"flaky":false}],"tags":["order(19)"]},"source":"eddc1e1e225cdb33.json","parameterValues":[]}